Base path: 'D:/Unity/Editor/2020.1.4f1/Editor/Data', plugins path 'D:/Unity/Editor/2020.1.4f1/Editor/Data/PlaybackEngines'
Cmd: initializeCompiler
Cmd: compileSnippet
  api=4 type=1 insize=16577 outsize=442 kw=_SUNDISK_NONE pd=UNITY_ENABLE_REFLECTION_BUFFERS UNITY_USE_DITHER_MASK_FOR_ALPHABLENDED_SHADOWS UNITY_PBS_USE_BRDF1 UNITY_SPECCUBE_BOX_PROJECTION UNITY_SPECCUBE_BLENDING UNITY_ENABLE_DETAIL_NORMALMAP SHADER_API_DESKTOP UNITY_COLORSPACE_GAMMA UNITY_LIGHT_PROBE_PROXY_VOLUME UNITY_LIGHTMAP_FULL_HDR dkw=_SUNDISK_SIMPLE _SUNDISK_HIGH_QUALITY UNITY_NO_DXT5nm UNITY_ENABLE_NATIVE_SHADOW_LOOKUPS UNITY_METAL_SHADOWS_USE_POINT_FILTERING UNITY_NO_SCREENSPACE_SHADOWS UNITY_PBS_USE_BRDF2 UNITY_PBS_USE_BRDF3 UNITY_NO_FULL_STANDARD_SHADER UNITY_HARDWARE_TIER1 UNITY_HARDWARE_TIER2 UNITY_HARDWARE_TIER3 UNITY_HALF_PRECISION_FRAGMENT_SHADER_REGISTERS UNITY_LIGHTMAP_DLDR_ENCODING UNITY_LIGHTMAP_RGBM_ENCODING UNITY_VIRTUAL_TEXTURING ok=1
Cmd: compileSnippet
  api=4 type=0 insize=11846 outsize=1258 kw=SHADOWS_SPLIT_SPHERES pd=UNITY_ENABLE_REFLECTION_BUFFERS UNITY_USE_DITHER_MASK_FOR_ALPHABLENDED_SHADOWS UNITY_PBS_USE_BRDF1 UNITY_SPECCUBE_BOX_PROJECTION UNITY_SPECCUBE_BLENDING UNITY_ENABLE_DETAIL_NORMALMAP SHADER_API_DESKTOP UNITY_COLORSPACE_GAMMA UNITY_LIGHT_PROBE_PROXY_VOLUME UNITY_LIGHTMAP_FULL_HDR dkw=SHADOWS_SINGLE_CASCADE UNITY_NO_DXT5nm UNITY_ENABLE_NATIVE_SHADOW_LOOKUPS UNITY_METAL_SHADOWS_USE_POINT_FILTERING UNITY_NO_SCREENSPACE_SHADOWS UNITY_PBS_USE_BRDF2 UNITY_PBS_USE_BRDF3 UNITY_NO_FULL_STANDARD_SHADER UNITY_HARDWARE_TIER1 UNITY_HARDWARE_TIER2 UNITY_HARDWARE_TIER3 UNITY_HALF_PRECISION_FRAGMENT_SHADER_REGISTERS UNITY_LIGHTMAP_DLDR_ENCODING UNITY_LIGHTMAP_RGBM_ENCODING UNITY_VIRTUAL_TEXTURING ok=1
Cmd: compileSnippet
  api=4 type=1 insize=1602 outsize=7190 kw=DIRECTIONAL SHADOWS_SCREEN LIGHTPROBE_SH pd=UNITY_ENABLE_REFLECTION_BUFFERS UNITY_USE_DITHER_MASK_FOR_ALPHABLENDED_SHADOWS UNITY_PBS_USE_BRDF1 UNITY_SPECCUBE_BOX_PROJECTION UNITY_SPECCUBE_BLENDING UNITY_ENABLE_DETAIL_NORMALMAP SHADER_API_DESKTOP UNITY_COLORSPACE_GAMMA UNITY_LIGHT_PROBE_PROXY_VOLUME UNITY_LIGHTMAP_FULL_HDR UNITY_PASS_FORWARDBASE dkw=_EMISSION FOG_LINEAR FOG_EXP FOG_EXP2 INSTANCING_ON _NORMALMAP _ALPHATEST_ON _ALPHABLEND_ON _ALPHAPREMULTIPLY_ON _METALLICGLOSSMAP _DETAIL_MULX2 _SMOOTHNESS_TEXTURE_ALBEDO_CHANNEL_A _SPECULARHIGHLIGHTS_OFF _GLOSSYREFLECTIONS_OFF _PARALLAXMAP SHADOWS_SHADOWMASK DYNAMICLIGHTMAP_ON LIGHTMAP_ON LIGHTMAP_SHADOW_MIXING DIRLIGHTMAP_COMBINED UNITY_NO_DXT5nm UNITY_ENABLE_NATIVE_SHADOW_LOOKUPS UNITY_METAL_SHADOWS_USE_POINT_FILTERING UNITY_NO_SCREENSPACE_SHADOWS UNITY_PBS_USE_BRDF2 UNITY_PBS_USE_BRDF3 UNITY_NO_FULL_STANDARD_SHADER UNITY_HARDWARE_TIER1 UNITY_HARDWARE_TIER2 UNITY_HARDWARE_TIER3 UNITY_HALF_PRECISION_FRAGMENT_SHADER_REGISTERS UNITY_LIGHTMAP_DLDR_ENCODING UNITY_LIGHTMAP_RGBM_ENCODING UNITY_VIRTUAL_TEXTURING ok=1
Cmd: initializeCompiler
Cmd: compileComputeKernel
  api=4 insize=18301 outsize=5665 ok=1
Cmd: compileComputeKernel
  api=4 insize=18301 outsize=3007 ok=1
Cmd: compileComputeKernel
  api=4 insize=18301 outsize=3260 ok=1
Cmd: compileComputeKernel
  api=4 insize=18301 outsize=3067 ok=1
Cmd: compileComputeKernel
  api=4 insize=18301 outsize=2141 ok=1
Cmd: compileComputeKernel
  api=4 insize=12109 outsize=1584 ok=1
Cmd: compileComputeKernel
  api=4 insize=12109 outsize=1368 ok=1
Cmd: compileComputeKernel
  api=4 insize=12109 outsize=2483 ok=1
Cmd: compileComputeKernel
  api=4 insize=12109 outsize=1583 ok=1
Cmd: compileComputeKernel
  api=4 insize=12109 outsize=1844 ok=1
Cmd: compileComputeKernel
  api=4 insize=12109 outsize=1202 ok=1
Cmd: compileComputeKernel
  api=4 insize=12109 outsize=1031 ok=1
Cmd: compileComputeKernel
  api=4 insize=12109 outsize=1562 ok=1
Cmd: compileComputeKernel
  api=4 insize=72903 outsize=3655 ok=1
Cmd: compileComputeKernel
  api=4 insize=72903 outsize=5019 ok=1
Cmd: compileComputeKernel
  api=4 insize=72903 outsize=7772 ok=1
Cmd: compileComputeKernel
  api=4 insize=72903 outsize=12704 ok=1
Cmd: compileComputeKernel
  api=4 insize=4442 outsize=1453 ok=1
Cmd: compileComputeKernel
  api=4 insize=1900 outsize=3126 ok=1
Cmd: compileComputeKernel
  api=4 insize=11985 outsize=1620 ok=1
Cmd: compileComputeKernel
  api=4 insize=11985 outsize=1615 ok=1
Cmd: compileComputeKernel
  api=4 insize=11985 outsize=1499 ok=1
Cmd: compileComputeKernel
  api=4 insize=11985 outsize=1498 ok=1
Cmd: compileComputeKernel
  api=4 insize=11985 outsize=1506 ok=1
Cmd: compileComputeKernel
  api=4 insize=11985 outsize=1624 ok=1
Cmd: compileComputeKernel
  api=4 insize=11985 outsize=1469 ok=1
Cmd: compileComputeKernel
  api=4 insize=11985 outsize=1909 ok=1
Cmd: compileComputeKernel
  api=4 insize=11985 outsize=1469 ok=1
Cmd: compileComputeKernel
  api=4 insize=11985 outsize=1473 ok=1
Cmd: compileComputeKernel
  api=4 insize=11985 outsize=1469 ok=1
Cmd: compileComputeKernel
  api=4 insize=34089 outsize=1391 ok=1
Cmd: compileComputeKernel
  api=4 insize=34089 outsize=1622 ok=1
Cmd: compileComputeKernel
  api=4 insize=34089 outsize=1310 ok=1
Cmd: compileComputeKernel
  api=4 insize=34089 outsize=1373 ok=1
Cmd: compileComputeKernel
  api=4 insize=34089 outsize=1265 ok=1
Cmd: compileComputeKernel
  api=4 insize=34089 outsize=1288 ok=1
Cmd: compileComputeKernel
  api=4 insize=34089 outsize=1315 ok=1
Cmd: compileComputeKernel
  api=4 insize=34089 outsize=1315 ok=1
Cmd: compileComputeKernel
  api=4 insize=34089 outsize=1340 ok=1
Cmd: compileComputeKernel
  api=4 insize=34089 outsize=1406 ok=1
Cmd: compileComputeKernel
  api=4 insize=34089 outsize=1469 ok=1
Cmd: compileComputeKernel
  api=4 insize=34089 outsize=1367 ok=1
Cmd: compileComputeKernel
  api=4 insize=34089 outsize=1350 ok=1
Cmd: compileComputeKernel
  api=4 insize=34089 outsize=1461 ok=1
Cmd: compileComputeKernel
  api=4 insize=34089 outsize=1524 ok=1
Cmd: compileComputeKernel
  api=4 insize=34089 outsize=1551 ok=1
Cmd: compileComputeKernel
  api=4 insize=34089 outsize=1865 ok=1
Cmd: compileComputeKernel
  api=4 insize=34089 outsize=1302 ok=1
Cmd: compileComputeKernel
  api=4 insize=34089 outsize=1233 ok=1
Cmd: compileComputeKernel
  api=4 insize=34089 outsize=1296 ok=1
Cmd: compileComputeKernel
  api=4 insize=34089 outsize=876 ok=1
Cmd: compileComputeKernel
  api=4 insize=34089 outsize=815 ok=1
Cmd: compileComputeKernel
  api=4 insize=34089 outsize=858 ok=1
Cmd: compileComputeKernel
  api=4 insize=34089 outsize=773 ok=1
Cmd: compileComputeKernel
  api=4 insize=34089 outsize=800 ok=1
Cmd: compileComputeKernel
  api=4 insize=34089 outsize=800 ok=1
Cmd: compileComputeKernel
  api=4 insize=34089 outsize=848 ok=1
Cmd: compileComputeKernel
  api=4 insize=34089 outsize=954 ok=1
Cmd: compileComputeKernel
  api=4 insize=34089 outsize=852 ok=1
Cmd: compileComputeKernel
  api=4 insize=34089 outsize=858 ok=1
Cmd: compileComputeKernel
  api=4 insize=34089 outsize=1009 ok=1
Cmd: compileComputeKernel
  api=4 insize=34089 outsize=1036 ok=1
Cmd: compileComputeKernel
  api=4 insize=34089 outsize=810 ok=1
Cmd: compileComputeKernel
  api=4 insize=34089 outsize=781 ok=1
Cmd: compileComputeKernel
  api=4 insize=34089 outsize=779 ok=1
Cmd: compileComputeKernel
  api=4 insize=34089 outsize=774 ok=1
Cmd: compileComputeKernel
  api=4 insize=34089 outsize=773 ok=1
Cmd: compileComputeKernel
  api=4 insize=34089 outsize=776 ok=1
Cmd: compileComputeKernel
  api=4 insize=34089 outsize=776 ok=1
Cmd: compileComputeKernel
  api=4 insize=66874 outsize=2595 ok=1
Cmd: compileComputeKernel
  api=4 insize=66874 outsize=1386 ok=1
Cmd: compileComputeKernel
  api=4 insize=66874 outsize=2481 ok=1
Cmd: compileComputeKernel
  api=4 insize=66874 outsize=1431 ok=1
Cmd: compileComputeKernel
  api=4 insize=66874 outsize=1754 ok=1
Cmd: compileComputeKernel
  api=4 insize=66874 outsize=1684 ok=1
Cmd: compileComputeKernel
  api=4 insize=66874 outsize=1594 ok=1
Cmd: compileComputeKernel
  api=4 insize=66874 outsize=3372 ok=1
Cmd: compileComputeKernel
  api=4 insize=66874 outsize=2182 ok=1
Cmd: compileComputeKernel
  api=4 insize=66874 outsize=1346 ok=1
Cmd: compileComputeKernel
  api=4 insize=66874 outsize=1305 ok=1
Cmd: compileComputeKernel
  api=4 insize=66874 outsize=1345 ok=1
Cmd: compileComputeKernel
  api=4 insize=66874 outsize=1330 ok=1
Cmd: compileComputeKernel
  api=4 insize=66874 outsize=2002 ok=1
Cmd: compileComputeKernel
  api=4 insize=66874 outsize=2001 ok=1
Cmd: compileComputeKernel
  api=4 insize=66874 outsize=1853 ok=1
Cmd: compileComputeKernel
  api=4 insize=66874 outsize=1857 ok=1
Cmd: compileComputeKernel
  api=4 insize=66874 outsize=1860 ok=1
Cmd: compileComputeKernel
  api=4 insize=66874 outsize=1855 ok=1
Cmd: compileComputeKernel
  api=4 insize=66874 outsize=1823 ok=1
Cmd: compileComputeKernel
  api=4 insize=66874 outsize=1823 ok=1
Cmd: compileComputeKernel
  api=4 insize=66874 outsize=1823 ok=1
Cmd: compileComputeKernel
  api=4 insize=66874 outsize=1823 ok=1
Cmd: compileComputeKernel
  api=4 insize=66874 outsize=1823 ok=1
Cmd: compileComputeKernel
  api=4 insize=66874 outsize=1368 ok=1
Cmd: compileComputeKernel
  api=4 insize=66874 outsize=1391 ok=1
Cmd: compileComputeKernel
  api=4 insize=66874 outsize=1288 ok=1
Cmd: compileComputeKernel
  api=4 insize=66874 outsize=1315 ok=1
Cmd: compileComputeKernel
  api=4 insize=66874 outsize=1315 ok=1
Cmd: compileComputeKernel
  api=4 insize=66874 outsize=1551 ok=1
Cmd: compileComputeKernel
  api=4 insize=66874 outsize=1363 ok=1
Cmd: compileComputeKernel
  api=4 insize=66874 outsize=1325 ok=1
Cmd: compileComputeKernel
  api=4 insize=66874 outsize=1387 ok=1
Cmd: compileComputeKernel
  api=4 insize=66874 outsize=1686 ok=1
Cmd: compileComputeKernel
  api=4 insize=66874 outsize=1635 ok=1
Cmd: compileComputeKernel
  api=4 insize=66874 outsize=1314 ok=1
Cmd: compileComputeKernel
  api=4 insize=66874 outsize=1289 ok=1
Cmd: compileComputeKernel
  api=4 insize=66874 outsize=1291 ok=1
Cmd: compileComputeKernel
  api=4 insize=66874 outsize=1291 ok=1
Cmd: compileComputeKernel
  api=4 insize=66874 outsize=1614 ok=1
Cmd: compileComputeKernel
  api=4 insize=66874 outsize=3339 ok=1
Cmd: compileComputeKernel
  api=4 insize=66874 outsize=1671 ok=1
Cmd: compileComputeKernel
  api=4 insize=66874 outsize=1411 ok=1
Cmd: compileComputeKernel
  api=4 insize=66874 outsize=2033 ok=1
Cmd: compileComputeKernel
  api=4 insize=66874 outsize=1693 ok=1
Cmd: compileComputeKernel
  api=4 insize=66874 outsize=1465 ok=1
Cmd: compileComputeKernel
  api=4 insize=66874 outsize=1493 ok=1
Cmd: compileComputeKernel
  api=4 insize=66874 outsize=2638 ok=1
Cmd: compileComputeKernel
  api=4 insize=66874 outsize=2483 ok=1
Cmd: compileComputeKernel
  api=4 insize=66874 outsize=1583 ok=1
Cmd: compileComputeKernel
  api=4 insize=66874 outsize=2799 ok=1
Cmd: compileComputeKernel
  api=4 insize=66874 outsize=2854 ok=1
Cmd: compileComputeKernel
  api=4 insize=66874 outsize=1690 ok=1
Cmd: compileComputeKernel
  api=4 insize=79248 outsize=5363 ok=1
Cmd: compileComputeKernel
  api=4 insize=79248 outsize=1576 ok=1
Cmd: compileComputeKernel
  api=4 insize=79248 outsize=3088 ok=1
Cmd: compileComputeKernel
  api=4 insize=79248 outsize=4424 ok=1
Cmd: compileComputeKernel
  api=4 insize=79248 outsize=35782 ok=1
Cmd: compileComputeKernel
  api=4 insize=79248 outsize=24353 ok=1
Cmd: compileComputeKernel
  api=4 insize=79248 outsize=22146 ok=1
Cmd: compileComputeKernel
  api=4 insize=79248 outsize=27133 ok=1
Cmd: compileComputeKernel
  api=4 insize=79248 outsize=14208 ok=1
